{
  "stats": {
    "suites": 1,
    "tests": 1,
    "passes": 1,
    "pending": 0,
    "failures": 0,
    "start": "2021-09-14T16:54:55.775Z",
    "end": "2021-09-14T16:55:05.265Z",
    "duration": 9490,
    "testsRegistered": 1,
    "passPercent": 100,
    "pendingPercent": 0,
    "other": 0,
    "hasOther": false,
    "skipped": 0,
    "hasSkipped": false
  },
  "results": [
    {
      "uuid": "848d0efc-dc9b-4342-9829-c3a2bf49f42d",
      "title": "",
      "fullFile": "cypress/integration/5_FifthTest.js",
      "file": "cypress/integration/5_FifthTest.js",
      "beforeHooks": [],
      "afterHooks": [],
      "tests": [],
      "suites": [
        {
          "uuid": "2a17e586-ba9e-4825-9a82-e141d7352b41",
          "title": "My fifth test suite",
          "fullFile": "",
          "file": "",
          "beforeHooks": [],
          "afterHooks": [],
          "tests": [
            {
              "title": "My fifth test case",
              "fullTitle": "My fifth test suite My fifth test case",
              "timedOut": null,
              "duration": 7279,
              "state": "passed",
              "speed": "slow",
              "pass": true,
              "fail": false,
              "pending": false,
              "context": null,
              "code": "cy.visit(\"https://rahulshettyacademy.com/AutomationPractice/\"); //Handle dynamic tables\ncy.get('table[name=\"courses\"] > tbody > tr > td:nth-child(2)').each(($el, index, $list) => {\n  const courseText = $el.text();\n  if (courseText.includes('JMETER')) {\n    cy.get('table[name=\"courses\"] > tbody > tr > td:nth-child(2)').eq(index).next().then(function (price) {\n      const priceText = price.text();\n      expect(priceText).to.equal('25');\n    });\n  }\n}); //Mouse hover event\n//cy.get('.mouse-hover-content').invoke('show') //Jquery function\ncy.contains('Top').click({\n  force: true\n});\ncy.url().should('include', 'top'); //To grab any property from DOM\ncy.get('#opentab').then(function (ele) {\n  const href = ele.prop('href'); //Jquery function\n  cy.log(href);\n});",
              "err": {},
              "uuid": "fdd75c01-948e-42c5-8d5e-b2c5264891ee",
              "parentUUID": "2a17e586-ba9e-4825-9a82-e141d7352b41",
              "isHook": false,
              "skipped": false
            }
          ],
          "suites": [],
          "passes": [
            "fdd75c01-948e-42c5-8d5e-b2c5264891ee"
          ],
          "failures": [],
          "pending": [],
          "skipped": [],
          "duration": 7279,
          "root": false,
          "rootEmpty": false,
          "_timeout": 2000
        }
      ],
      "passes": [],
      "failures": [],
      "pending": [],
      "skipped": [],
      "duration": 0,
      "root": true,
      "rootEmpty": true,
      "_timeout": 2000
    }
  ],
  "meta": {
    "mocha": {
      "version": "7.0.1"
    },
    "mochawesome": {
      "options": {
        "quiet": false,
        "reportFilename": "mochawesome",
        "saveHtml": false,
        "saveJson": true,
        "consoleReporter": "spec",
        "useInlineDiffs": false
      },
      "version": "4.1.0"
    },
    "marge": {
      "options": {
        "id": "default",
        "reportDir": "cypress/reports/mocha",
        "quite": true,
        "overwrite": false,
        "html": false,
        "json": true
      },
      "version": "4.1.0"
    }
  }
}