{
  "stats": {
    "suites": 1,
    "tests": 1,
    "passes": 1,
    "pending": 0,
    "failures": 0,
    "start": "2021-09-17T05:01:41.860Z",
    "end": "2021-09-17T05:01:51.846Z",
    "duration": 9986,
    "testsRegistered": 1,
    "passPercent": 100,
    "pendingPercent": 0,
    "other": 0,
    "hasOther": false,
    "skipped": 0,
    "hasSkipped": false
  },
  "results": [
    {
      "uuid": "7c76db46-fc45-4963-9711-211dd079f817",
      "title": "",
      "fullFile": "cypress/integration/1_FirstTest.js",
      "file": "cypress/integration/1_FirstTest.js",
      "beforeHooks": [],
      "afterHooks": [],
      "tests": [],
      "suites": [
        {
          "uuid": "75cc0d42-2756-4744-9a46-b12f2de49c28",
          "title": "My first test suite",
          "fullFile": "",
          "file": "",
          "beforeHooks": [],
          "afterHooks": [],
          "tests": [
            {
              "title": "My first test case",
              "fullTitle": "My first test suite My first test case",
              "timedOut": null,
              "duration": 7471,
              "state": "passed",
              "speed": "slow",
              "pass": true,
              "fail": false,
              "pending": false,
              "context": null,
              "code": "cy.visit(\"https://rahulshettyacademy.com/seleniumPractise/#/\");\ncy.get('input.search-keyword').type('ca');\ncy.wait(2000);\ncy.get('.product:visible').should('have.length', 4);\ncy.get('.products').as('productLocator');\ncy.get('@productLocator').find('.product').eq(1).contains('ADD TO CART').click();\ncy.get('@productLocator').find('.product').each(function ($el, index, $list) {\n  var text = $el.find('h4.product-name').text();\n  if (text.includes('Cashews')) {\n    $el.find('button').click();\n  }\n});\ncy.get('.brand.greenLogo').should('have.text', 'GREENKART');\ncy.get('.brand.greenLogo').then(function (logo) {\n  cy.log(logo.text());\n}); //const logo = cy.get('.brand.greenLogo')\n//cy.log(logo.text())",
              "err": {},
              "uuid": "5c3b1800-70b9-4820-b549-d5eb0a99f50b",
              "parentUUID": "75cc0d42-2756-4744-9a46-b12f2de49c28",
              "isHook": false,
              "skipped": false
            }
          ],
          "suites": [],
          "passes": [
            "5c3b1800-70b9-4820-b549-d5eb0a99f50b"
          ],
          "failures": [],
          "pending": [],
          "skipped": [],
          "duration": 7471,
          "root": false,
          "rootEmpty": false,
          "_timeout": 2000
        }
      ],
      "passes": [],
      "failures": [],
      "pending": [],
      "skipped": [],
      "duration": 0,
      "root": true,
      "rootEmpty": true,
      "_timeout": 2000
    }
  ],
  "meta": {
    "mocha": {
      "version": "7.0.1"
    },
    "mochawesome": {
      "options": {
        "quiet": false,
        "reportFilename": "mochawesome",
        "saveHtml": false,
        "saveJson": true,
        "consoleReporter": "spec",
        "useInlineDiffs": false
      },
      "version": "4.1.0"
    },
    "marge": {
      "options": {
        "id": "default",
        "reportDir": "cypress/reports/mocha",
        "quite": true,
        "overwrite": false,
        "html": false,
        "json": true
      },
      "version": "4.1.0"
    }
  }
}