{
  "stats": {
    "suites": 1,
    "tests": 1,
    "passes": 1,
    "pending": 0,
    "failures": 0,
    "start": "2021-09-17T05:02:40.840Z",
    "end": "2021-09-17T05:02:53.587Z",
    "duration": 12747,
    "testsRegistered": 1,
    "passPercent": 100,
    "pendingPercent": 0,
    "other": 0,
    "hasOther": false,
    "skipped": 0,
    "hasSkipped": false
  },
  "results": [
    {
      "uuid": "dc6dc937-47a3-4e6f-b47d-1f35250540eb",
      "title": "",
      "fullFile": "cypress/integration/3_ThirdTest.js",
      "file": "cypress/integration/3_ThirdTest.js",
      "beforeHooks": [],
      "afterHooks": [],
      "tests": [],
      "suites": [
        {
          "uuid": "f841223e-20e2-41cc-8f1c-9415c009a6a7",
          "title": "My third test suite",
          "fullFile": "",
          "file": "",
          "beforeHooks": [],
          "afterHooks": [],
          "tests": [
            {
              "title": "My third test case",
              "fullTitle": "My third test suite My third test case",
              "timedOut": null,
              "duration": 10520,
              "state": "passed",
              "speed": "slow",
              "pass": true,
              "fail": false,
              "pending": false,
              "context": null,
              "code": "cy.visit(\"https://rahulshettyacademy.com/AutomationPractice/\"); //Checkboxes\ncy.get('#checkBoxOption1').check().should('be.checked');\ncy.get('#checkBoxOption1').uncheck().should('not.be.checked');\ncy.get('input[type=\"checkbox\"]').check(['option2', 'option3']); //Static dropdown\ncy.get('#dropdown-class-example').select('option3').should('have.value', 'option3'); //Dynamic dropdown\ncy.get('input#autocomplete').type('ind');\ncy.get('.ui-menu-item > div').each(function ($el, index, $list) {\n  if ($el.text() === 'India') {\n    $el.trigger('click');\n  }\n});\ncy.get('input#autocomplete').should('have.value', 'India');\ncy.get('#displayed-text').should('be.visible');\ncy.get('#hide-textbox').click();\ncy.get('#displayed-text').should('not.be.visible');\ncy.get('#show-textbox').click();\ncy.get('#displayed-text').should('be.visible');",
              "err": {},
              "uuid": "e9986b55-0449-4e2f-9807-451641387272",
              "parentUUID": "f841223e-20e2-41cc-8f1c-9415c009a6a7",
              "isHook": false,
              "skipped": false
            }
          ],
          "suites": [],
          "passes": [
            "e9986b55-0449-4e2f-9807-451641387272"
          ],
          "failures": [],
          "pending": [],
          "skipped": [],
          "duration": 10520,
          "root": false,
          "rootEmpty": false,
          "_timeout": 2000
        }
      ],
      "passes": [],
      "failures": [],
      "pending": [],
      "skipped": [],
      "duration": 0,
      "root": true,
      "rootEmpty": true,
      "_timeout": 2000
    }
  ],
  "meta": {
    "mocha": {
      "version": "7.0.1"
    },
    "mochawesome": {
      "options": {
        "quiet": false,
        "reportFilename": "mochawesome",
        "saveHtml": false,
        "saveJson": true,
        "consoleReporter": "spec",
        "useInlineDiffs": false
      },
      "version": "4.1.0"
    },
    "marge": {
      "options": {
        "id": "default",
        "reportDir": "cypress/reports/mocha",
        "quite": true,
        "overwrite": false,
        "html": false,
        "json": true
      },
      "version": "4.1.0"
    }
  }
}