{
  "stats": {
    "suites": 1,
    "tests": 1,
    "passes": 1,
    "pending": 0,
    "failures": 0,
    "start": "2021-09-17T05:03:50.634Z",
    "end": "2021-09-17T05:04:00.582Z",
    "duration": 9948,
    "testsRegistered": 1,
    "passPercent": 100,
    "pendingPercent": 0,
    "other": 0,
    "hasOther": false,
    "skipped": 0,
    "hasSkipped": false
  },
  "results": [
    {
      "uuid": "947d20f2-87e5-4da1-85f4-7a4365f0b540",
      "title": "",
      "fullFile": "cypress/integration/6_SixthTest.js",
      "file": "cypress/integration/6_SixthTest.js",
      "beforeHooks": [],
      "afterHooks": [],
      "tests": [],
      "suites": [
        {
          "uuid": "31e79249-ee76-403d-868c-ed28d27194a4",
          "title": "My sixth test suite",
          "fullFile": "",
          "file": "",
          "beforeHooks": [],
          "afterHooks": [],
          "tests": [
            {
              "title": "My sixth test case",
              "fullTitle": "My sixth test suite My sixth test case",
              "timedOut": null,
              "duration": 7609,
              "state": "passed",
              "speed": "slow",
              "pass": true,
              "fail": false,
              "pending": false,
              "context": null,
              "code": "cy.visit(\"https://rahulshettyacademy.com/AutomationPractice/\"); //Handling frames\ncy.frameLoaded('#courses-iframe');\ncy.iframe().find('a[href*=\"mentorship\"]').eq(0).click();\ncy.iframe().find('h1[class*=\"pricing-title\"]').should('have.length', 2);",
              "err": {},
              "uuid": "a5dcd4c8-522b-417d-8e58-cb7cf6f32475",
              "parentUUID": "31e79249-ee76-403d-868c-ed28d27194a4",
              "isHook": false,
              "skipped": false
            }
          ],
          "suites": [],
          "passes": [
            "a5dcd4c8-522b-417d-8e58-cb7cf6f32475"
          ],
          "failures": [],
          "pending": [],
          "skipped": [],
          "duration": 7609,
          "root": false,
          "rootEmpty": false,
          "_timeout": 2000
        }
      ],
      "passes": [],
      "failures": [],
      "pending": [],
      "skipped": [],
      "duration": 0,
      "root": true,
      "rootEmpty": true,
      "_timeout": 2000
    }
  ],
  "meta": {
    "mocha": {
      "version": "7.0.1"
    },
    "mochawesome": {
      "options": {
        "quiet": false,
        "reportFilename": "mochawesome",
        "saveHtml": false,
        "saveJson": true,
        "consoleReporter": "spec",
        "useInlineDiffs": false
      },
      "version": "4.1.0"
    },
    "marge": {
      "options": {
        "id": "default",
        "reportDir": "cypress/reports/mocha",
        "quite": true,
        "overwrite": false,
        "html": false,
        "json": true
      },
      "version": "4.1.0"
    }
  }
}