{
  "stats": {
    "suites": 1,
    "tests": 2,
    "passes": 2,
    "pending": 0,
    "failures": 0,
    "start": "2021-09-16T06:26:44.826Z",
    "end": "2021-09-16T06:27:18.134Z",
    "duration": 33308,
    "testsRegistered": 2,
    "passPercent": 100,
    "pendingPercent": 0,
    "other": 0,
    "hasOther": false,
    "skipped": 0,
    "hasSkipped": false
  },
  "results": [
    {
      "uuid": "45c4f8ad-a756-42ce-8a18-0021f9626cc5",
      "title": "",
      "fullFile": "cypress/integration/BDD/eCommerce.feature",
      "file": "cypress/integration/BDD/eCommerce.feature",
      "beforeHooks": [],
      "afterHooks": [],
      "tests": [],
      "suites": [
        {
          "uuid": "a2875b71-20e7-4df4-a363-f8122d2488dc",
          "title": "End to End validation of ECommerce site",
          "fullFile": "",
          "file": "",
          "beforeHooks": [],
          "afterHooks": [],
          "tests": [
            {
              "title": "ECommerce product ordering validation",
              "fullTitle": "End to End validation of ECommerce site ECommerce product ordering validation",
              "timedOut": null,
              "duration": 18132,
              "state": "passed",
              "speed": "slow",
              "pass": true,
              "fail": false,
              "pending": false,
              "context": null,
              "code": "const state = window.testState;\nreturn cy\n  .then(() => state.onStartScenario(scenario, indexedSteps))\n  .then(() =>\n    resolveAndRunBeforeHooks.call(this, scenario.tags, state.feature.name)\n  )\n  .then(() =>\n    indexedSteps.forEach((step) =>\n      stepTest.call(this, state, step, rowData)\n    )\n  )\n  .then(() => state.onFinishScenario(scenario));",
              "err": {},
              "uuid": "3f88d7f0-7e6b-46fc-8eca-c2f34fb50602",
              "parentUUID": "a2875b71-20e7-4df4-a363-f8122d2488dc",
              "isHook": false,
              "skipped": false
            },
            {
              "title": "ECommerce form fill validation",
              "fullTitle": "End to End validation of ECommerce site ECommerce form fill validation",
              "timedOut": null,
              "duration": 3883,
              "state": "passed",
              "speed": "slow",
              "pass": true,
              "fail": false,
              "pending": false,
              "context": null,
              "code": "const state = window.testState;\nreturn cy\n  .then(() => state.onStartScenario(scenario, indexedSteps))\n  .then(() =>\n    resolveAndRunBeforeHooks.call(this, scenario.tags, state.feature.name)\n  )\n  .then(() =>\n    indexedSteps.forEach((step) =>\n      stepTest.call(this, state, step, rowData)\n    )\n  )\n  .then(() => state.onFinishScenario(scenario));",
              "err": {},
              "uuid": "f8067dd1-baae-4e52-a428-8f43830eaacb",
              "parentUUID": "a2875b71-20e7-4df4-a363-f8122d2488dc",
              "isHook": false,
              "skipped": false
            }
          ],
          "suites": [],
          "passes": [
            "3f88d7f0-7e6b-46fc-8eca-c2f34fb50602",
            "f8067dd1-baae-4e52-a428-8f43830eaacb"
          ],
          "failures": [],
          "pending": [],
          "skipped": [],
          "duration": 22015,
          "root": false,
          "rootEmpty": false,
          "_timeout": 2000
        }
      ],
      "passes": [],
      "failures": [],
      "pending": [],
      "skipped": [],
      "duration": 0,
      "root": true,
      "rootEmpty": true,
      "_timeout": 2000
    }
  ],
  "meta": {
    "mocha": {
      "version": "7.0.1"
    },
    "mochawesome": {
      "options": {
        "quiet": false,
        "reportFilename": "mochawesome",
        "saveHtml": false,
        "saveJson": true,
        "consoleReporter": "spec",
        "useInlineDiffs": false
      },
      "version": "4.1.0"
    },
    "marge": {
      "options": {
        "id": "default",
        "reportDir": "cypress/reports/mocha",
        "quite": true,
        "overwrite": false,
        "html": false,
        "json": true
      },
      "version": "4.1.0"
    }
  }
}