{
  "stats": {
    "suites": 1,
    "tests": 1,
    "passes": 1,
    "pending": 0,
    "failures": 0,
    "start": "2021-09-17T05:05:22.901Z",
    "end": "2021-09-17T05:05:25.785Z",
    "duration": 2884,
    "testsRegistered": 1,
    "passPercent": 100,
    "pendingPercent": 0,
    "other": 0,
    "hasOther": false,
    "skipped": 0,
    "hasSkipped": false
  },
  "results": [
    {
      "uuid": "0609fa60-4371-4af0-aaf6-5a6a5237f1f5",
      "title": "",
      "fullFile": "cypress/integration/InterceptAPI_Request.js",
      "file": "cypress/integration/InterceptAPI_Request.js",
      "beforeHooks": [],
      "afterHooks": [],
      "tests": [],
      "suites": [
        {
          "uuid": "3bc666ef-13dc-4478-b749-1a841a0d7dde",
          "title": "Intercept API scenario for Request",
          "fullFile": "",
          "file": "",
          "beforeHooks": [],
          "afterHooks": [],
          "tests": [
            {
              "title": "Intercept API test for Request",
              "fullTitle": "Intercept API scenario for Request Intercept API test for Request",
              "timedOut": null,
              "duration": 1158,
              "state": "passed",
              "speed": "slow",
              "pass": true,
              "fail": false,
              "pending": false,
              "context": null,
              "code": "cy.visit('https://rahulshettyacademy.com/angularAppdemo/');\ncy.intercept('GET', 'https://rahulshettyacademy.com/Library/GetBook.php?AuthorName=shetty', function (request) {\n  request.url = 'https://rahulshettyacademy.com/Library/GetBook.php?AuthorName=malhotra';\n  request[\"continue\"](function (response) {\n    expect(response.statusCode).to.equal(200);\n  });\n}).as('dummyRequest');\ncy.get('.btn.btn-primary').click();\ncy.wait('@dummyRequest');",
              "err": {},
              "uuid": "358eb997-81df-4bd1-b235-da7d07030b28",
              "parentUUID": "3bc666ef-13dc-4478-b749-1a841a0d7dde",
              "isHook": false,
              "skipped": false
            }
          ],
          "suites": [],
          "passes": [
            "358eb997-81df-4bd1-b235-da7d07030b28"
          ],
          "failures": [],
          "pending": [],
          "skipped": [],
          "duration": 1158,
          "root": false,
          "rootEmpty": false,
          "_timeout": 2000
        }
      ],
      "passes": [],
      "failures": [],
      "pending": [],
      "skipped": [],
      "duration": 0,
      "root": true,
      "rootEmpty": true,
      "_timeout": 2000
    }
  ],
  "meta": {
    "mocha": {
      "version": "7.0.1"
    },
    "mochawesome": {
      "options": {
        "quiet": false,
        "reportFilename": "mochawesome",
        "saveHtml": false,
        "saveJson": true,
        "consoleReporter": "spec",
        "useInlineDiffs": false
      },
      "version": "4.1.0"
    },
    "marge": {
      "options": {
        "id": "default",
        "reportDir": "cypress/reports/mocha",
        "quite": true,
        "overwrite": false,
        "html": false,
        "json": true
      },
      "version": "4.1.0"
    }
  }
}