{
  "stats": {
    "suites": 1,
    "tests": 1,
    "passes": 1,
    "pending": 0,
    "failures": 0,
    "start": "2021-09-17T05:04:52.443Z",
    "end": "2021-09-17T05:04:53.022Z",
    "duration": 579,
    "testsRegistered": 1,
    "passPercent": 100,
    "pendingPercent": 0,
    "other": 0,
    "hasOther": false,
    "skipped": 0,
    "hasSkipped": false
  },
  "results": [
    {
      "uuid": "8e4b9901-3bef-4d88-82a1-f6ee3e1382f8",
      "title": "",
      "fullFile": "cypress/integration/APITest.js",
      "file": "cypress/integration/APITest.js",
      "beforeHooks": [],
      "afterHooks": [],
      "tests": [],
      "suites": [
        {
          "uuid": "1817ace8-6344-4b8f-82ee-e328302095e0",
          "title": "API testing scenario",
          "fullFile": "",
          "file": "",
          "beforeHooks": [],
          "afterHooks": [],
          "tests": [
            {
              "title": "API testing",
              "fullTitle": "API testing scenario API testing",
              "timedOut": null,
              "duration": 453,
              "state": "passed",
              "speed": "slow",
              "pass": true,
              "fail": false,
              "pending": false,
              "context": null,
              "code": "cy.request('POST', 'http://216.10.245.166/Library/Addbook.php', {\n  \"name\": \"Learn Appium Automation with Java\",\n  \"isbn\": \"testisbn4\",\n  \"aisle\": \"126812321\",\n  \"author\": \"Harry Potter\"\n}).then(function (response) {\n  expect(response.body).to.have.property('Msg', 'successfully added');\n  expect(response.status).to.equal(200);\n});",
              "err": {},
              "uuid": "1943cd0e-42dd-46df-a755-2828b5c0e3da",
              "parentUUID": "1817ace8-6344-4b8f-82ee-e328302095e0",
              "isHook": false,
              "skipped": false
            }
          ],
          "suites": [],
          "passes": [
            "1943cd0e-42dd-46df-a755-2828b5c0e3da"
          ],
          "failures": [],
          "pending": [],
          "skipped": [],
          "duration": 453,
          "root": false,
          "rootEmpty": false,
          "_timeout": 2000
        }
      ],
      "passes": [],
      "failures": [],
      "pending": [],
      "skipped": [],
      "duration": 0,
      "root": true,
      "rootEmpty": true,
      "_timeout": 2000
    }
  ],
  "meta": {
    "mocha": {
      "version": "7.0.1"
    },
    "mochawesome": {
      "options": {
        "quiet": false,
        "reportFilename": "mochawesome",
        "saveHtml": false,
        "saveJson": true,
        "consoleReporter": "spec",
        "useInlineDiffs": false
      },
      "version": "4.1.0"
    },
    "marge": {
      "options": {
        "id": "default",
        "reportDir": "cypress/reports/mocha",
        "quite": true,
        "overwrite": false,
        "html": false,
        "json": true
      },
      "version": "4.1.0"
    }
  }
}