{
  "stats": {
    "suites": 1,
    "tests": 1,
    "passes": 1,
    "pending": 0,
    "failures": 0,
    "start": "2021-09-17T05:04:11.228Z",
    "end": "2021-09-17T05:04:20.323Z",
    "duration": 9095,
    "testsRegistered": 1,
    "passPercent": 100,
    "pendingPercent": 0,
    "other": 0,
    "hasOther": false,
    "skipped": 0,
    "hasSkipped": false
  },
  "results": [
    {
      "uuid": "0b9b2d4b-b2ae-44d4-aca8-c926d30792d7",
      "title": "",
      "fullFile": "cypress/integration/7_SeventhTest_Framework.js",
      "file": "cypress/integration/7_SeventhTest_Framework.js",
      "beforeHooks": [],
      "afterHooks": [],
      "tests": [],
      "suites": [
        {
          "uuid": "c860544a-6a7c-43bc-bc19-1487fcdf4912",
          "title": "My Seventh_framework test suite",
          "fullFile": "",
          "file": "",
          "beforeHooks": [],
          "afterHooks": [],
          "tests": [
            {
              "title": "My Seventh_framework test case",
              "fullTitle": "My Seventh_framework test suite My Seventh_framework test case",
              "timedOut": null,
              "duration": 6767,
              "state": "passed",
              "speed": "slow",
              "pass": true,
              "fail": false,
              "pending": false,
              "context": null,
              "code": "cy.visit(Cypress.env('baseURL') + '/angularpractice/');\ncy.get('input[name=\"name\"]').eq(0).type(this.data.name);\ncy.get('input[name=\"email\"]').type(this.data.email);\ncy.get('#exampleFormControlSelect1').select(this.data.gender);\ncy.get('input[name=\"name\"]').eq(1).should('have.value', this.data.name);\ncy.get('input[name=\"name\"]').eq(0).should('have.attr', 'minlength', '2');\ncy.get('#inlineRadio3').should('be.disabled');\ncy.contains('Shop').click();\nthis.data.productName.forEach(function (element) {\n  cy.selectProduct(element);\n});",
              "err": {},
              "uuid": "833921df-ec8a-44f5-bec8-f0e96c0e9f93",
              "parentUUID": "c860544a-6a7c-43bc-bc19-1487fcdf4912",
              "isHook": false,
              "skipped": false
            }
          ],
          "suites": [],
          "passes": [
            "833921df-ec8a-44f5-bec8-f0e96c0e9f93"
          ],
          "failures": [],
          "pending": [],
          "skipped": [],
          "duration": 6767,
          "root": false,
          "rootEmpty": false,
          "_timeout": 2000
        }
      ],
      "passes": [],
      "failures": [],
      "pending": [],
      "skipped": [],
      "duration": 0,
      "root": true,
      "rootEmpty": true,
      "_timeout": 2000
    }
  ],
  "meta": {
    "mocha": {
      "version": "7.0.1"
    },
    "mochawesome": {
      "options": {
        "quiet": false,
        "reportFilename": "mochawesome",
        "saveHtml": false,
        "saveJson": true,
        "consoleReporter": "spec",
        "useInlineDiffs": false
      },
      "version": "4.1.0"
    },
    "marge": {
      "options": {
        "id": "default",
        "reportDir": "cypress/reports/mocha",
        "quite": true,
        "overwrite": false,
        "html": false,
        "json": true
      },
      "version": "4.1.0"
    }
  }
}