{
  "stats": {
    "suites": 1,
    "tests": 1,
    "passes": 1,
    "pending": 0,
    "failures": 0,
    "start": "2021-09-17T05:03:29.040Z",
    "end": "2021-09-17T05:03:38.438Z",
    "duration": 9398,
    "testsRegistered": 1,
    "passPercent": 100,
    "pendingPercent": 0,
    "other": 0,
    "hasOther": false,
    "skipped": 0,
    "hasSkipped": false
  },
  "results": [
    {
      "uuid": "139236a0-381c-477a-ae90-d8c549a963d4",
      "title": "",
      "fullFile": "cypress/integration/5_FifthTest.js",
      "file": "cypress/integration/5_FifthTest.js",
      "beforeHooks": [],
      "afterHooks": [],
      "tests": [],
      "suites": [
        {
          "uuid": "d3c205c5-f793-4f59-be81-f44c178753aa",
          "title": "My fifth test suite",
          "fullFile": "",
          "file": "",
          "beforeHooks": [],
          "afterHooks": [],
          "tests": [
            {
              "title": "My fifth test case",
              "fullTitle": "My fifth test suite My fifth test case",
              "timedOut": null,
              "duration": 6663,
              "state": "passed",
              "speed": "slow",
              "pass": true,
              "fail": false,
              "pending": false,
              "context": null,
              "code": "cy.visit(\"https://rahulshettyacademy.com/AutomationPractice/\"); //Handle dynamic tables\ncy.get('table[name=\"courses\"] > tbody > tr > td:nth-child(2)').each(function ($el, index, $list) {\n  var courseText = $el.text();\n  if (courseText.includes('JMETER')) {\n    cy.get('table[name=\"courses\"] > tbody > tr > td:nth-child(2)').eq(index).next().then(function (price) {\n      var priceText = price.text();\n      expect(priceText).to.equal('25');\n    });\n  }\n}); //Mouse hover event\n//cy.get('.mouse-hover-content').invoke('show') //Jquery function\ncy.contains('Top').click({\n  force: true\n});\ncy.url().should('include', 'top'); //To grab any property from DOM\ncy.get('#opentab').then(function (ele) {\n  var href = ele.prop('href'); //Jquery function\n  cy.log(href);\n});",
              "err": {},
              "uuid": "669dd04d-8ab4-4baf-854d-584239a6c9d8",
              "parentUUID": "d3c205c5-f793-4f59-be81-f44c178753aa",
              "isHook": false,
              "skipped": false
            }
          ],
          "suites": [],
          "passes": [
            "669dd04d-8ab4-4baf-854d-584239a6c9d8"
          ],
          "failures": [],
          "pending": [],
          "skipped": [],
          "duration": 6663,
          "root": false,
          "rootEmpty": false,
          "_timeout": 2000
        }
      ],
      "passes": [],
      "failures": [],
      "pending": [],
      "skipped": [],
      "duration": 0,
      "root": true,
      "rootEmpty": true,
      "_timeout": 2000
    }
  ],
  "meta": {
    "mocha": {
      "version": "7.0.1"
    },
    "mochawesome": {
      "options": {
        "quiet": false,
        "reportFilename": "mochawesome",
        "saveHtml": false,
        "saveJson": true,
        "consoleReporter": "spec",
        "useInlineDiffs": false
      },
      "version": "4.1.0"
    },
    "marge": {
      "options": {
        "id": "default",
        "reportDir": "cypress/reports/mocha",
        "quite": true,
        "overwrite": false,
        "html": false,
        "json": true
      },
      "version": "4.1.0"
    }
  }
}