{
  "stats": {
    "suites": 1,
    "tests": 2,
    "passes": 1,
    "pending": 1,
    "failures": 0,
    "start": "2021-09-15T16:36:31.586Z",
    "end": "2021-09-15T16:36:52.805Z",
    "duration": 21219,
    "testsRegistered": 2,
    "passPercent": 100,
    "pendingPercent": 50,
    "other": 0,
    "hasOther": false,
    "skipped": 0,
    "hasSkipped": false
  },
  "results": [
    {
      "uuid": "1607598d-4dfd-44ec-8d4b-5a06fe91f663",
      "title": "",
      "fullFile": "cypress/integration/BDD/eCommerce.feature",
      "file": "cypress/integration/BDD/eCommerce.feature",
      "beforeHooks": [],
      "afterHooks": [],
      "tests": [],
      "suites": [
        {
          "uuid": "e4e42749-b998-4d3b-80e5-33574a3880e4",
          "title": "End to End validation of ECommerce site",
          "fullFile": "",
          "file": "",
          "beforeHooks": [],
          "afterHooks": [],
          "tests": [
            {
              "title": "ECommerce product ordering validation",
              "fullTitle": "End to End validation of ECommerce site ECommerce product ordering validation",
              "timedOut": null,
              "duration": 163,
              "state": "pending",
              "speed": null,
              "pass": false,
              "fail": false,
              "pending": false,
              "context": null,
              "code": "// register this scenario with the cucumber data collector\n// but don't run it\n// Tell mocha this is a skipped test so it also shows correctly in Cypress\nconst state = window.testState;\ncy.then(() => state.onStartScenario(scenario, indexedSteps))\n  .then(() => state.onFinishScenario(scenario))\n  // eslint-disable-next-line func-names\n  .then(function () {\n    return this.skip();\n  });",
              "err": {
                "message": "CypressError: sync skip; aborting execution",
                "estack": "[object Object]\nFrom Your Spec Code:\n    at Context.eval (http://localhost:50472/__cypress/tests?p=cypress\\integration\\BDD\\eCommerce.feature:10079:10)",
                "diff": null
              },
              "uuid": "6fc401d4-fe88-412e-a06a-be05baa0e76b",
              "parentUUID": "e4e42749-b998-4d3b-80e5-33574a3880e4",
              "isHook": false,
              "skipped": true
            },
            {
              "title": "ECommerce form fill validation",
              "fullTitle": "End to End validation of ECommerce site ECommerce form fill validation",
              "timedOut": null,
              "duration": 8836,
              "state": "passed",
              "speed": "slow",
              "pass": true,
              "fail": false,
              "pending": false,
              "context": null,
              "code": "const state = window.testState;\nreturn cy\n  .then(() => state.onStartScenario(scenario, indexedSteps))\n  .then(() =>\n    resolveAndRunBeforeHooks.call(this, scenario.tags, state.feature.name)\n  )\n  .then(() =>\n    indexedSteps.forEach((step) =>\n      stepTest.call(this, state, step, rowData)\n    )\n  )\n  .then(() => state.onFinishScenario(scenario));",
              "err": {},
              "uuid": "0081a520-cd29-4fbb-9bd2-84f645ab19f3",
              "parentUUID": "e4e42749-b998-4d3b-80e5-33574a3880e4",
              "isHook": false,
              "skipped": false
            }
          ],
          "suites": [],
          "passes": [
            "0081a520-cd29-4fbb-9bd2-84f645ab19f3"
          ],
          "failures": [],
          "pending": [],
          "skipped": [
            "6fc401d4-fe88-412e-a06a-be05baa0e76b"
          ],
          "duration": 8999,
          "root": false,
          "rootEmpty": false,
          "_timeout": 2000
        }
      ],
      "passes": [],
      "failures": [],
      "pending": [],
      "skipped": [],
      "duration": 0,
      "root": true,
      "rootEmpty": true,
      "_timeout": 2000
    }
  ],
  "meta": {
    "mocha": {
      "version": "7.0.1"
    },
    "mochawesome": {
      "options": {
        "quiet": false,
        "reportFilename": "mochawesome",
        "saveHtml": false,
        "saveJson": true,
        "consoleReporter": "spec",
        "useInlineDiffs": false
      },
      "version": "4.1.0"
    },
    "marge": {
      "options": {
        "id": "default",
        "reportDir": "cypress/reports/mocha",
        "quite": true,
        "overwrite": false,
        "html": false,
        "json": true
      },
      "version": "4.1.0"
    }
  }
}