{
  "stats": {
    "suites": 1,
    "tests": 1,
    "passes": 1,
    "pending": 0,
    "failures": 0,
    "start": "2021-09-15T11:37:16.219Z",
    "end": "2021-09-15T11:38:00.910Z",
    "duration": 44691,
    "testsRegistered": 1,
    "passPercent": 100,
    "pendingPercent": 0,
    "other": 0,
    "hasOther": false,
    "skipped": 0,
    "hasSkipped": false
  },
  "results": [
    {
      "uuid": "540b95ce-9855-4818-9e10-81aad82f04a4",
      "title": "",
      "fullFile": "cypress/integration/BDD/eCommerce.feature",
      "file": "cypress/integration/BDD/eCommerce.feature",
      "beforeHooks": [],
      "afterHooks": [],
      "tests": [],
      "suites": [
        {
          "uuid": "c18b987b-aa0d-4fef-98a7-1b010dcf3fec",
          "title": "End to End validation of ECommerce site",
          "fullFile": "",
          "file": "",
          "beforeHooks": [],
          "afterHooks": [],
          "tests": [
            {
              "title": "ECommerce product ordering validation",
              "fullTitle": "End to End validation of ECommerce site ECommerce product ordering validation",
              "timedOut": null,
              "duration": 15920,
              "state": "passed",
              "speed": "slow",
              "pass": true,
              "fail": false,
              "pending": false,
              "context": null,
              "code": "const state = window.testState;\nreturn cy\n  .then(() => state.onStartScenario(scenario, indexedSteps))\n  .then(() =>\n    resolveAndRunBeforeHooks.call(this, scenario.tags, state.feature.name)\n  )\n  .then(() =>\n    indexedSteps.forEach((step) =>\n      stepTest.call(this, state, step, rowData)\n    )\n  )\n  .then(() => state.onFinishScenario(scenario));",
              "err": {},
              "uuid": "aacf10ca-0118-4e3c-9747-20cc597c799e",
              "parentUUID": "c18b987b-aa0d-4fef-98a7-1b010dcf3fec",
              "isHook": false,
              "skipped": false
            }
          ],
          "suites": [],
          "passes": [
            "aacf10ca-0118-4e3c-9747-20cc597c799e"
          ],
          "failures": [],
          "pending": [],
          "skipped": [],
          "duration": 15920,
          "root": false,
          "rootEmpty": false,
          "_timeout": 2000
        }
      ],
      "passes": [],
      "failures": [],
      "pending": [],
      "skipped": [],
      "duration": 0,
      "root": true,
      "rootEmpty": true,
      "_timeout": 2000
    }
  ],
  "meta": {
    "mocha": {
      "version": "7.0.1"
    },
    "mochawesome": {
      "options": {
        "quiet": false,
        "reportFilename": "mochawesome",
        "saveHtml": false,
        "saveJson": true,
        "consoleReporter": "spec",
        "useInlineDiffs": false
      },
      "version": "4.1.0"
    },
    "marge": {
      "options": {
        "id": "default",
        "reportDir": "cypress/reports/mocha",
        "quite": true,
        "overwrite": false,
        "html": false,
        "json": true
      },
      "version": "4.1.0"
    }
  }
}