{
  "stats": {
    "suites": 1,
    "tests": 1,
    "passes": 1,
    "pending": 0,
    "failures": 0,
    "start": "2021-09-17T05:04:30.678Z",
    "end": "2021-09-17T05:04:43.784Z",
    "duration": 13106,
    "testsRegistered": 1,
    "passPercent": 100,
    "pendingPercent": 0,
    "other": 0,
    "hasOther": false,
    "skipped": 0,
    "hasSkipped": false
  },
  "results": [
    {
      "uuid": "229bbd23-904c-4dab-87d1-cb5f2c81722b",
      "title": "",
      "fullFile": "cypress/integration/8_EndToEndTest_Framework.js",
      "file": "cypress/integration/8_EndToEndTest_Framework.js",
      "beforeHooks": [],
      "afterHooks": [],
      "tests": [],
      "suites": [
        {
          "uuid": "146edf94-304d-4777-830e-953bab98db2b",
          "title": "My End to End test suite",
          "fullFile": "",
          "file": "",
          "beforeHooks": [],
          "afterHooks": [],
          "tests": [
            {
              "title": "My End to End test case",
              "fullTitle": "My End to End test suite My End to End test case",
              "timedOut": null,
              "duration": 10589,
              "state": "passed",
              "speed": "slow",
              "pass": true,
              "fail": false,
              "pending": false,
              "context": null,
              "code": "Cypress.config('defaultCommandTimeout', 8000);\nvar homePage = new _HomePage[\"default\"]();\nvar productPage = new _ProductPage[\"default\"]();\nvar checkoutPage = new _CheckoutPage[\"default\"]();\ncy.visit(Cypress.env('baseURL') + '/angularpractice/');\nhomePage.getName().type(this.data.name);\nhomePage.getEmail().type(this.data.email);\nhomePage.getGender().select(this.data.gender);\nhomePage.getTwoWayDataBinding().should('have.value', this.data.name);\nhomePage.getName().should('have.attr', 'minlength', '2');\nhomePage.getEntrepreneurRadio().should('be.disabled');\nhomePage.getShop().click();\nthis.data.productName.forEach(function (element) {\n  cy.selectProduct(element);\n});\nproductPage.getCheckoutBtn().click();\ncheckoutPage.getCheckoutBtn().click();\ncheckoutPage.getSearchShippingCountry().type('India');\ncheckoutPage.getShippingCountry().click();\ncheckoutPage.getCheckTerms().click({\n  force: true\n});\ncheckoutPage.getPurchaseBtn().click();\ncheckoutPage.getSuccessMessage().should('include.text', 'Success');",
              "err": {},
              "uuid": "400d2ca5-aa79-47cd-bf5a-ba2385b656ec",
              "parentUUID": "146edf94-304d-4777-830e-953bab98db2b",
              "isHook": false,
              "skipped": false
            }
          ],
          "suites": [],
          "passes": [
            "400d2ca5-aa79-47cd-bf5a-ba2385b656ec"
          ],
          "failures": [],
          "pending": [],
          "skipped": [],
          "duration": 10589,
          "root": false,
          "rootEmpty": false,
          "_timeout": 2000
        }
      ],
      "passes": [],
      "failures": [],
      "pending": [],
      "skipped": [],
      "duration": 0,
      "root": true,
      "rootEmpty": true,
      "_timeout": 2000
    }
  ],
  "meta": {
    "mocha": {
      "version": "7.0.1"
    },
    "mochawesome": {
      "options": {
        "quiet": false,
        "reportFilename": "mochawesome",
        "saveHtml": false,
        "saveJson": true,
        "consoleReporter": "spec",
        "useInlineDiffs": false
      },
      "version": "4.1.0"
    },
    "marge": {
      "options": {
        "id": "default",
        "reportDir": "cypress/reports/mocha",
        "quite": true,
        "overwrite": false,
        "html": false,
        "json": true
      },
      "version": "4.1.0"
    }
  }
}