{
  "stats": {
    "suites": 1,
    "tests": 1,
    "passes": 1,
    "pending": 0,
    "failures": 0,
    "start": "2021-09-17T05:02:08.141Z",
    "end": "2021-09-17T05:02:24.861Z",
    "duration": 16720,
    "testsRegistered": 1,
    "passPercent": 100,
    "pendingPercent": 0,
    "other": 0,
    "hasOther": false,
    "skipped": 0,
    "hasSkipped": false
  },
  "results": [
    {
      "uuid": "cbebb852-5860-425f-bddc-50f77bc41107",
      "title": "",
      "fullFile": "cypress/integration/2_SecondTest.js",
      "file": "cypress/integration/2_SecondTest.js",
      "beforeHooks": [],
      "afterHooks": [],
      "tests": [],
      "suites": [
        {
          "uuid": "7666c713-1642-42d2-ba18-7e829e459225",
          "title": "My second test suite",
          "fullFile": "",
          "file": "",
          "beforeHooks": [],
          "afterHooks": [],
          "tests": [
            {
              "title": "My second test case",
              "fullTitle": "My second test suite My second test case",
              "timedOut": null,
              "duration": 12199,
              "state": "passed",
              "speed": "slow",
              "pass": true,
              "fail": false,
              "pending": false,
              "context": null,
              "code": "cy.visit(\"https://rahulshettyacademy.com/seleniumPractise/#/\");\ncy.get('input.search-keyword').type('ca');\ncy.wait(2000);\ncy.get('.products').as('productLocator');\ncy.get('@productLocator').find('.product').each(function ($el, index, $list) {\n  var text = $el.find('h4.product-name').text();\n  if (text.includes('Cashews')) {\n    $el.find('button').trigger(\"click\");\n  }\n});\ncy.get('.cart-icon > img').click();\ncy.contains('PROCEED TO CHECKOUT').click();\ncy.wait(1000);\ncy.contains('Place Order').click();",
              "err": {},
              "uuid": "552c2f14-228c-4c95-a2e5-eb1abd85beed",
              "parentUUID": "7666c713-1642-42d2-ba18-7e829e459225",
              "isHook": false,
              "skipped": false
            }
          ],
          "suites": [],
          "passes": [
            "552c2f14-228c-4c95-a2e5-eb1abd85beed"
          ],
          "failures": [],
          "pending": [],
          "skipped": [],
          "duration": 12199,
          "root": false,
          "rootEmpty": false,
          "_timeout": 2000
        }
      ],
      "passes": [],
      "failures": [],
      "pending": [],
      "skipped": [],
      "duration": 0,
      "root": true,
      "rootEmpty": true,
      "_timeout": 2000
    }
  ],
  "meta": {
    "mocha": {
      "version": "7.0.1"
    },
    "mochawesome": {
      "options": {
        "quiet": false,
        "reportFilename": "mochawesome",
        "saveHtml": false,
        "saveJson": true,
        "consoleReporter": "spec",
        "useInlineDiffs": false
      },
      "version": "4.1.0"
    },
    "marge": {
      "options": {
        "id": "default",
        "reportDir": "cypress/reports/mocha",
        "quite": true,
        "overwrite": false,
        "html": false,
        "json": true
      },
      "version": "4.1.0"
    }
  }
}