{
  "stats": {
    "suites": 1,
    "tests": 1,
    "passes": 1,
    "pending": 0,
    "failures": 0,
    "start": "2021-09-14T16:54:06.833Z",
    "end": "2021-09-14T16:54:18.795Z",
    "duration": 11962,
    "testsRegistered": 1,
    "passPercent": 100,
    "pendingPercent": 0,
    "other": 0,
    "hasOther": false,
    "skipped": 0,
    "hasSkipped": false
  },
  "results": [
    {
      "uuid": "b201fca0-d450-45e9-bcdf-1c3f01891134",
      "title": "",
      "fullFile": "cypress/integration/3_ThirdTest.js",
      "file": "cypress/integration/3_ThirdTest.js",
      "beforeHooks": [],
      "afterHooks": [],
      "tests": [],
      "suites": [
        {
          "uuid": "4f15cc95-4d46-4646-ad6d-6ec04016e0dd",
          "title": "My third test suite",
          "fullFile": "",
          "file": "",
          "beforeHooks": [],
          "afterHooks": [],
          "tests": [
            {
              "title": "My third test case",
              "fullTitle": "My third test suite My third test case",
              "timedOut": null,
              "duration": 9495,
              "state": "passed",
              "speed": "slow",
              "pass": true,
              "fail": false,
              "pending": false,
              "context": null,
              "code": "cy.visit(\"https://rahulshettyacademy.com/AutomationPractice/\"); //Checkboxes\ncy.get('#checkBoxOption1').check().should('be.checked');\ncy.get('#checkBoxOption1').uncheck().should('not.be.checked');\ncy.get('input[type=\"checkbox\"]').check(['option2', 'option3']); //Static dropdown\ncy.get('#dropdown-class-example').select('option3').should('have.value', 'option3'); //Dynamic dropdown\ncy.get('input#autocomplete').type('ind');\ncy.get('.ui-menu-item > div').each(($el, index, $list) => {\n  if ($el.text() === 'India') {\n    $el.trigger('click');\n  }\n});\ncy.get('input#autocomplete').should('have.value', 'India');\ncy.get('#displayed-text').should('be.visible');\ncy.get('#hide-textbox').click();\ncy.get('#displayed-text').should('not.be.visible');\ncy.get('#show-textbox').click();\ncy.get('#displayed-text').should('be.visible');",
              "err": {},
              "uuid": "88f34783-2654-4477-8465-8e7c77a15072",
              "parentUUID": "4f15cc95-4d46-4646-ad6d-6ec04016e0dd",
              "isHook": false,
              "skipped": false
            }
          ],
          "suites": [],
          "passes": [
            "88f34783-2654-4477-8465-8e7c77a15072"
          ],
          "failures": [],
          "pending": [],
          "skipped": [],
          "duration": 9495,
          "root": false,
          "rootEmpty": false,
          "_timeout": 2000
        }
      ],
      "passes": [],
      "failures": [],
      "pending": [],
      "skipped": [],
      "duration": 0,
      "root": true,
      "rootEmpty": true,
      "_timeout": 2000
    }
  ],
  "meta": {
    "mocha": {
      "version": "7.0.1"
    },
    "mochawesome": {
      "options": {
        "quiet": false,
        "reportFilename": "mochawesome",
        "saveHtml": false,
        "saveJson": true,
        "consoleReporter": "spec",
        "useInlineDiffs": false
      },
      "version": "4.1.0"
    },
    "marge": {
      "options": {
        "id": "default",
        "reportDir": "cypress/reports/mocha",
        "quite": true,
        "overwrite": false,
        "html": false,
        "json": true
      },
      "version": "4.1.0"
    }
  }
}