{
  "stats": {
    "suites": 1,
    "tests": 2,
    "passes": 1,
    "pending": 0,
    "failures": 1,
    "start": "2021-09-15T12:10:45.170Z",
    "end": "2021-09-15T12:11:21.270Z",
    "duration": 36100,
    "testsRegistered": 2,
    "passPercent": 50,
    "pendingPercent": 0,
    "other": 0,
    "hasOther": false,
    "skipped": 0,
    "hasSkipped": false
  },
  "results": [
    {
      "uuid": "d906bafc-96d0-4ebf-957c-d32988a31f8c",
      "title": "",
      "fullFile": "cypress/integration/BDD/eCommerce.feature",
      "file": "cypress/integration/BDD/eCommerce.feature",
      "beforeHooks": [],
      "afterHooks": [],
      "tests": [],
      "suites": [
        {
          "uuid": "45c4408b-758f-4ad3-9ec3-f214456105ea",
          "title": "End to End validation of ECommerce site",
          "fullFile": "",
          "file": "",
          "beforeHooks": [],
          "afterHooks": [],
          "tests": [
            {
              "title": "ECommerce product ordering validation",
              "fullTitle": "End to End validation of ECommerce site ECommerce product ordering validation",
              "timedOut": null,
              "duration": 18793,
              "state": "passed",
              "speed": "slow",
              "pass": true,
              "fail": false,
              "pending": false,
              "context": null,
              "code": "const state = window.testState;\nreturn cy\n  .then(() => state.onStartScenario(scenario, indexedSteps))\n  .then(() =>\n    resolveAndRunBeforeHooks.call(this, scenario.tags, state.feature.name)\n  )\n  .then(() =>\n    indexedSteps.forEach((step) =>\n      stepTest.call(this, state, step, rowData)\n    )\n  )\n  .then(() => state.onFinishScenario(scenario));",
              "err": {},
              "uuid": "7c11cf75-b84e-4aa5-8963-fb85aeed1581",
              "parentUUID": "45c4408b-758f-4ad3-9ec3-f214456105ea",
              "isHook": false,
              "skipped": false
            },
            {
              "title": "ECommerce form fill validation",
              "fullTitle": "End to End validation of ECommerce site ECommerce form fill validation",
              "timedOut": null,
              "duration": 1895,
              "state": "failed",
              "speed": null,
              "pass": false,
              "fail": true,
              "pending": false,
              "context": null,
              "code": "const state = window.testState;\nreturn cy\n  .then(() => state.onStartScenario(scenario, indexedSteps))\n  .then(() =>\n    resolveAndRunBeforeHooks.call(this, scenario.tags, state.feature.name)\n  )\n  .then(() =>\n    indexedSteps.forEach((step) =>\n      stepTest.call(this, state, step, rowData)\n    )\n  )\n  .then(() => state.onFinishScenario(scenario));",
              "err": {
                "message": "Error: \"name\" is read-only",
                "estack": "Error: \"name\" is read-only\n    at _readOnlyError (https://rahulshettyacademy.com/__cypress/tests?p=cypress\\integration\\BDD\\eCommerce.feature:287:9)\n    at Context.eval (https://rahulshettyacademy.com/__cypress/tests?p=cypress\\integration\\BDD\\eCommerce.feature:88:60)\n    at Context.resolveAndRunStepDefinition (https://rahulshettyacademy.com/__cypress/tests?p=cypress\\integration\\BDD\\eCommerce.feature:10725:29)\n    at Context.eval (https://rahulshettyacademy.com/__cypress/tests?p=cypress\\integration\\BDD\\eCommerce.feature:10046:35)",
                "diff": null
              },
              "uuid": "63dff52e-0627-4c9e-a7a4-f38130f4a4a4",
              "parentUUID": "45c4408b-758f-4ad3-9ec3-f214456105ea",
              "isHook": false,
              "skipped": false
            }
          ],
          "suites": [],
          "passes": [
            "7c11cf75-b84e-4aa5-8963-fb85aeed1581"
          ],
          "failures": [
            "63dff52e-0627-4c9e-a7a4-f38130f4a4a4"
          ],
          "pending": [],
          "skipped": [],
          "duration": 20688,
          "root": false,
          "rootEmpty": false,
          "_timeout": 2000
        }
      ],
      "passes": [],
      "failures": [],
      "pending": [],
      "skipped": [],
      "duration": 0,
      "root": true,
      "rootEmpty": true,
      "_timeout": 2000
    }
  ],
  "meta": {
    "mocha": {
      "version": "7.0.1"
    },
    "mochawesome": {
      "options": {
        "quiet": false,
        "reportFilename": "mochawesome",
        "saveHtml": false,
        "saveJson": true,
        "consoleReporter": "spec",
        "useInlineDiffs": false
      },
      "version": "4.1.0"
    },
    "marge": {
      "options": {
        "id": "default",
        "reportDir": "cypress/reports/mocha",
        "quite": true,
        "overwrite": false,
        "html": false,
        "json": true
      },
      "version": "4.1.0"
    }
  }
}