{
  "stats": {
    "suites": 8,
    "tests": 8,
    "passes": 8,
    "pending": 0,
    "failures": 0,
    "start": "2021-09-14T16:53:14.964Z",
    "end": "2021-09-14T16:56:09.768Z",
    "duration": 74697,
    "testsRegistered": 8,
    "passPercent": 100,
    "pendingPercent": 0,
    "other": 0,
    "hasOther": false,
    "skipped": 0,
    "hasSkipped": false
  },
  "results": [
    {
      "uuid": "f63f86b4-e830-4e60-b731-799080b0bc3f",
      "title": "",
      "fullFile": "cypress/integration/2_SecondTest.js",
      "file": "cypress/integration/2_SecondTest.js",
      "beforeHooks": [],
      "afterHooks": [],
      "tests": [],
      "suites": [
        {
          "uuid": "80064609-0a2c-4612-9de0-576e7a7a2258",
          "title": "My second test suite",
          "fullFile": "",
          "file": "",
          "beforeHooks": [],
          "afterHooks": [],
          "tests": [
            {
              "title": "My second test case",
              "fullTitle": "My second test suite My second test case",
              "timedOut": null,
              "duration": 7867,
              "state": "passed",
              "speed": "slow",
              "pass": true,
              "fail": false,
              "pending": false,
              "context": null,
              "code": "cy.visit(\"https://rahulshettyacademy.com/seleniumPractise/#/\");\ncy.get('input.search-keyword').type('ca');\ncy.wait(2000);\ncy.get('.products').as('productLocator');\ncy.get('@productLocator').find('.product').each(($el, index, $list) => {\n  const text = $el.find('h4.product-name').text();\n  if (text.includes('Cashews')) {\n    $el.find('button').trigger(\"click\");\n  }\n});\ncy.get('.cart-icon > img').click();\ncy.contains('PROCEED TO CHECKOUT').click();\ncy.wait(1000);\ncy.contains('Place Order').click();",
              "err": {},
              "uuid": "ceddffbd-2090-4c7a-84b7-c5e36b880e80",
              "parentUUID": "80064609-0a2c-4612-9de0-576e7a7a2258",
              "isHook": false,
              "skipped": false
            }
          ],
          "suites": [],
          "passes": [
            "ceddffbd-2090-4c7a-84b7-c5e36b880e80"
          ],
          "failures": [],
          "pending": [],
          "skipped": [],
          "duration": 7867,
          "root": false,
          "rootEmpty": false,
          "_timeout": 2000
        }
      ],
      "passes": [],
      "failures": [],
      "pending": [],
      "skipped": [],
      "duration": 0,
      "root": true,
      "rootEmpty": true,
      "_timeout": 2000
    },
    {
      "uuid": "b201fca0-d450-45e9-bcdf-1c3f01891134",
      "title": "",
      "fullFile": "cypress/integration/3_ThirdTest.js",
      "file": "cypress/integration/3_ThirdTest.js",
      "beforeHooks": [],
      "afterHooks": [],
      "tests": [],
      "suites": [
        {
          "uuid": "4f15cc95-4d46-4646-ad6d-6ec04016e0dd",
          "title": "My third test suite",
          "fullFile": "",
          "file": "",
          "beforeHooks": [],
          "afterHooks": [],
          "tests": [
            {
              "title": "My third test case",
              "fullTitle": "My third test suite My third test case",
              "timedOut": null,
              "duration": 9495,
              "state": "passed",
              "speed": "slow",
              "pass": true,
              "fail": false,
              "pending": false,
              "context": null,
              "code": "cy.visit(\"https://rahulshettyacademy.com/AutomationPractice/\"); //Checkboxes\ncy.get('#checkBoxOption1').check().should('be.checked');\ncy.get('#checkBoxOption1').uncheck().should('not.be.checked');\ncy.get('input[type=\"checkbox\"]').check(['option2', 'option3']); //Static dropdown\ncy.get('#dropdown-class-example').select('option3').should('have.value', 'option3'); //Dynamic dropdown\ncy.get('input#autocomplete').type('ind');\ncy.get('.ui-menu-item > div').each(($el, index, $list) => {\n  if ($el.text() === 'India') {\n    $el.trigger('click');\n  }\n});\ncy.get('input#autocomplete').should('have.value', 'India');\ncy.get('#displayed-text').should('be.visible');\ncy.get('#hide-textbox').click();\ncy.get('#displayed-text').should('not.be.visible');\ncy.get('#show-textbox').click();\ncy.get('#displayed-text').should('be.visible');",
              "err": {},
              "uuid": "88f34783-2654-4477-8465-8e7c77a15072",
              "parentUUID": "4f15cc95-4d46-4646-ad6d-6ec04016e0dd",
              "isHook": false,
              "skipped": false
            }
          ],
          "suites": [],
          "passes": [
            "88f34783-2654-4477-8465-8e7c77a15072"
          ],
          "failures": [],
          "pending": [],
          "skipped": [],
          "duration": 9495,
          "root": false,
          "rootEmpty": false,
          "_timeout": 2000
        }
      ],
      "passes": [],
      "failures": [],
      "pending": [],
      "skipped": [],
      "duration": 0,
      "root": true,
      "rootEmpty": true,
      "_timeout": 2000
    },
    {
      "uuid": "6583eade-1090-4d57-84d1-540509cab805",
      "title": "",
      "fullFile": "cypress/integration/4_FourthTest.js",
      "file": "cypress/integration/4_FourthTest.js",
      "beforeHooks": [],
      "afterHooks": [],
      "tests": [],
      "suites": [
        {
          "uuid": "0609442a-f0b6-4bc3-9c08-952a01f75992",
          "title": "My fourth test suite",
          "fullFile": "",
          "file": "",
          "beforeHooks": [],
          "afterHooks": [],
          "tests": [
            {
              "title": "My fourth test case",
              "fullTitle": "My fourth test suite My fourth test case",
              "timedOut": null,
              "duration": 15441,
              "state": "passed",
              "speed": "slow",
              "pass": true,
              "fail": false,
              "pending": false,
              "context": null,
              "code": "cy.visit(\"https://rahulshettyacademy.com/AutomationPractice/\"); //Alerts\ncy.get('#alertbtn').click();\ncy.get('#confirmbtn').click();\ncy.on('window:alert', str => {\n  expect(str).to.equal('Hello , share this practice page and share your knowledge');\n});\ncy.on('window:confirm', str => {\n  expect(str).to.equal('Hello , Are you sure you want to confirm?');\n}); //Handle new window popup \ncy.get('#opentab').invoke('removeAttr', 'target').click();\ncy.url().should('include', 'rahulshettyacademy');\ncy.go('back');\ncy.url().should('include', 'rahulshettyacademy');\ncy.go('forward');\ncy.url().should('include', 'rahulshettyacademy');",
              "err": {},
              "uuid": "220835c5-7372-4df6-b155-0ae76ac561b6",
              "parentUUID": "0609442a-f0b6-4bc3-9c08-952a01f75992",
              "isHook": false,
              "skipped": false
            }
          ],
          "suites": [],
          "passes": [
            "220835c5-7372-4df6-b155-0ae76ac561b6"
          ],
          "failures": [],
          "pending": [],
          "skipped": [],
          "duration": 15441,
          "root": false,
          "rootEmpty": false,
          "_timeout": 2000
        }
      ],
      "passes": [],
      "failures": [],
      "pending": [],
      "skipped": [],
      "duration": 0,
      "root": true,
      "rootEmpty": true,
      "_timeout": 2000
    },
    {
      "uuid": "848d0efc-dc9b-4342-9829-c3a2bf49f42d",
      "title": "",
      "fullFile": "cypress/integration/5_FifthTest.js",
      "file": "cypress/integration/5_FifthTest.js",
      "beforeHooks": [],
      "afterHooks": [],
      "tests": [],
      "suites": [
        {
          "uuid": "2a17e586-ba9e-4825-9a82-e141d7352b41",
          "title": "My fifth test suite",
          "fullFile": "",
          "file": "",
          "beforeHooks": [],
          "afterHooks": [],
          "tests": [
            {
              "title": "My fifth test case",
              "fullTitle": "My fifth test suite My fifth test case",
              "timedOut": null,
              "duration": 7279,
              "state": "passed",
              "speed": "slow",
              "pass": true,
              "fail": false,
              "pending": false,
              "context": null,
              "code": "cy.visit(\"https://rahulshettyacademy.com/AutomationPractice/\"); //Handle dynamic tables\ncy.get('table[name=\"courses\"] > tbody > tr > td:nth-child(2)').each(($el, index, $list) => {\n  const courseText = $el.text();\n  if (courseText.includes('JMETER')) {\n    cy.get('table[name=\"courses\"] > tbody > tr > td:nth-child(2)').eq(index).next().then(function (price) {\n      const priceText = price.text();\n      expect(priceText).to.equal('25');\n    });\n  }\n}); //Mouse hover event\n//cy.get('.mouse-hover-content').invoke('show') //Jquery function\ncy.contains('Top').click({\n  force: true\n});\ncy.url().should('include', 'top'); //To grab any property from DOM\ncy.get('#opentab').then(function (ele) {\n  const href = ele.prop('href'); //Jquery function\n  cy.log(href);\n});",
              "err": {},
              "uuid": "fdd75c01-948e-42c5-8d5e-b2c5264891ee",
              "parentUUID": "2a17e586-ba9e-4825-9a82-e141d7352b41",
              "isHook": false,
              "skipped": false
            }
          ],
          "suites": [],
          "passes": [
            "fdd75c01-948e-42c5-8d5e-b2c5264891ee"
          ],
          "failures": [],
          "pending": [],
          "skipped": [],
          "duration": 7279,
          "root": false,
          "rootEmpty": false,
          "_timeout": 2000
        }
      ],
      "passes": [],
      "failures": [],
      "pending": [],
      "skipped": [],
      "duration": 0,
      "root": true,
      "rootEmpty": true,
      "_timeout": 2000
    },
    {
      "uuid": "a733ce97-c2e0-4c58-9289-a17d7bb98356",
      "title": "",
      "fullFile": "cypress/integration/6_SixthTest.js",
      "file": "cypress/integration/6_SixthTest.js",
      "beforeHooks": [],
      "afterHooks": [],
      "tests": [],
      "suites": [
        {
          "uuid": "2e93ab23-02f4-4761-8de6-05ae3295e9ae",
          "title": "My sixth test suite",
          "fullFile": "",
          "file": "",
          "beforeHooks": [],
          "afterHooks": [],
          "tests": [
            {
              "title": "My sixth test case",
              "fullTitle": "My sixth test suite My sixth test case",
              "timedOut": null,
              "duration": 8470,
              "state": "passed",
              "speed": "slow",
              "pass": true,
              "fail": false,
              "pending": false,
              "context": null,
              "code": "cy.visit(\"https://rahulshettyacademy.com/AutomationPractice/\"); //Handling frames\ncy.frameLoaded('#courses-iframe');\ncy.iframe().find('a[href*=\"mentorship\"]').eq(0).click();\ncy.iframe().find('h1[class*=\"pricing-title\"]').should('have.length', 2);",
              "err": {},
              "uuid": "6e1b1d0d-f6f9-4d28-9144-1d58b931f328",
              "parentUUID": "2e93ab23-02f4-4761-8de6-05ae3295e9ae",
              "isHook": false,
              "skipped": false
            }
          ],
          "suites": [],
          "passes": [
            "6e1b1d0d-f6f9-4d28-9144-1d58b931f328"
          ],
          "failures": [],
          "pending": [],
          "skipped": [],
          "duration": 8470,
          "root": false,
          "rootEmpty": false,
          "_timeout": 2000
        }
      ],
      "passes": [],
      "failures": [],
      "pending": [],
      "skipped": [],
      "duration": 0,
      "root": true,
      "rootEmpty": true,
      "_timeout": 2000
    },
    {
      "uuid": "6dde7064-c74a-4801-b883-0edb61ae9ed1",
      "title": "",
      "fullFile": "cypress/integration/7_SeventhTest_Framework.js",
      "file": "cypress/integration/7_SeventhTest_Framework.js",
      "beforeHooks": [],
      "afterHooks": [],
      "tests": [],
      "suites": [
        {
          "uuid": "60b65a6d-e6d7-452d-97fb-517d724944d4",
          "title": "My Seventh_framework test suite",
          "fullFile": "",
          "file": "",
          "beforeHooks": [],
          "afterHooks": [],
          "tests": [
            {
              "title": "My Seventh_framework test case",
              "fullTitle": "My Seventh_framework test suite My Seventh_framework test case",
              "timedOut": null,
              "duration": 6839,
              "state": "passed",
              "speed": "slow",
              "pass": true,
              "fail": false,
              "pending": false,
              "context": null,
              "code": "cy.visit(Cypress.env('baseURL') + '/angularpractice/');\ncy.get('input[name=\"name\"]').eq(0).type(this.data.name);\ncy.get('input[name=\"email\"]').type(this.data.email);\ncy.get('#exampleFormControlSelect1').select(this.data.gender);\ncy.get('input[name=\"name\"]').eq(1).should('have.value', this.data.name);\ncy.get('input[name=\"name\"]').eq(0).should('have.attr', 'minlength', '2');\ncy.get('#inlineRadio3').should('be.disabled');\ncy.contains('Shop').click();\nthis.data.productName.forEach(element => {\n  cy.selectProduct(element);\n});",
              "err": {},
              "uuid": "11fd98bd-cbc7-499d-ba0f-6137996d1bc4",
              "parentUUID": "60b65a6d-e6d7-452d-97fb-517d724944d4",
              "isHook": false,
              "skipped": false
            }
          ],
          "suites": [],
          "passes": [
            "11fd98bd-cbc7-499d-ba0f-6137996d1bc4"
          ],
          "failures": [],
          "pending": [],
          "skipped": [],
          "duration": 6839,
          "root": false,
          "rootEmpty": false,
          "_timeout": 2000
        }
      ],
      "passes": [],
      "failures": [],
      "pending": [],
      "skipped": [],
      "duration": 0,
      "root": true,
      "rootEmpty": true,
      "_timeout": 2000
    },
    {
      "uuid": "84c66b7c-5a82-4daf-afb8-45706c821f07",
      "title": "",
      "fullFile": "cypress/integration/8_EndToEndTest_Framework.js",
      "file": "cypress/integration/8_EndToEndTest_Framework.js",
      "beforeHooks": [],
      "afterHooks": [],
      "tests": [],
      "suites": [
        {
          "uuid": "cf112e09-4b3b-4d47-bf74-7b00fcd9a865",
          "title": "My End to End test suite",
          "fullFile": "",
          "file": "",
          "beforeHooks": [],
          "afterHooks": [],
          "tests": [
            {
              "title": "My End to End test case",
              "fullTitle": "My End to End test suite My End to End test case",
              "timedOut": null,
              "duration": 10557,
              "state": "passed",
              "speed": "slow",
              "pass": true,
              "fail": false,
              "pending": false,
              "context": null,
              "code": "Cypress.config('defaultCommandTimeout', 8000);\nconst homePage = new _HomePage.default();\nconst productPage = new _ProductPage.default();\nconst checkoutPage = new _CheckoutPage.default();\ncy.visit(Cypress.env('baseURL') + '/angularpractice/');\nhomePage.getName().type(this.data.name);\nhomePage.getEmail().type(this.data.email);\nhomePage.getGender().select(this.data.gender);\nhomePage.getTwoWayDataBinding().should('have.value', this.data.name);\nhomePage.getName().should('have.attr', 'minlength', '2');\nhomePage.getEntrepreneurRadio().should('be.disabled');\nhomePage.getShop().click();\nthis.data.productName.forEach(element => {\n  cy.selectProduct(element);\n});\nproductPage.getCheckoutBtn().click();\ncheckoutPage.getCheckoutBtn().click();\ncheckoutPage.getSearchShippingCountry().type('India');\ncheckoutPage.getShippingCountry().click();\ncheckoutPage.getCheckTerms().click({\n  force: true\n});\ncheckoutPage.getPurchaseBtn().click();\ncheckoutPage.getSuccessMessage().should('include.text', 'Success');",
              "err": {},
              "uuid": "24d81ce8-ddc5-4b91-9b06-eb13001a3d14",
              "parentUUID": "cf112e09-4b3b-4d47-bf74-7b00fcd9a865",
              "isHook": false,
              "skipped": false
            }
          ],
          "suites": [],
          "passes": [
            "24d81ce8-ddc5-4b91-9b06-eb13001a3d14"
          ],
          "failures": [],
          "pending": [],
          "skipped": [],
          "duration": 10557,
          "root": false,
          "rootEmpty": false,
          "_timeout": 2000
        }
      ],
      "passes": [],
      "failures": [],
      "pending": [],
      "skipped": [],
      "duration": 0,
      "root": true,
      "rootEmpty": true,
      "_timeout": 2000
    },
    {
      "uuid": "4b5d48fa-747a-4a41-87d7-0f8345a2461f",
      "title": "",
      "fullFile": "cypress/integration/1_FirstTest.js",
      "file": "cypress/integration/1_FirstTest.js",
      "beforeHooks": [],
      "afterHooks": [],
      "tests": [],
      "suites": [
        {
          "uuid": "dac5e621-ffa4-48e0-b109-9254881af484",
          "title": "My first test suite",
          "fullFile": "",
          "file": "",
          "beforeHooks": [],
          "afterHooks": [],
          "tests": [
            {
              "title": "My first test case",
              "fullTitle": "My first test suite My first test case",
              "timedOut": null,
              "duration": 8749,
              "state": "passed",
              "speed": "slow",
              "pass": true,
              "fail": false,
              "pending": false,
              "context": null,
              "code": "cy.visit(\"https://rahulshettyacademy.com/seleniumPractise/#/\");\ncy.get('input.search-keyword').type('ca');\ncy.wait(2000);\ncy.get('.product:visible').should('have.length', 4);\ncy.get('.products').as('productLocator');\ncy.get('@productLocator').find('.product').eq(1).contains('ADD TO CART').click();\ncy.get('@productLocator').find('.product').each(($el, index, $list) => {\n  const text = $el.find('h4.product-name').text();\n  if (text.includes('Cashews')) {\n    $el.find('button').click();\n  }\n});\ncy.get('.brand.greenLogo').should('have.text', 'GREENKART');\ncy.get('.brand.greenLogo').then(function (logo) {\n  cy.log(logo.text());\n}); //const logo = cy.get('.brand.greenLogo')\n//cy.log(logo.text())",
              "err": {},
              "uuid": "2b09248d-52c7-43f2-a1d1-4fac4454ac5b",
              "parentUUID": "dac5e621-ffa4-48e0-b109-9254881af484",
              "isHook": false,
              "skipped": false
            }
          ],
          "suites": [],
          "passes": [
            "2b09248d-52c7-43f2-a1d1-4fac4454ac5b"
          ],
          "failures": [],
          "pending": [],
          "skipped": [],
          "duration": 8749,
          "root": false,
          "rootEmpty": false,
          "_timeout": 2000
        }
      ],
      "passes": [],
      "failures": [],
      "pending": [],
      "skipped": [],
      "duration": 0,
      "root": true,
      "rootEmpty": true,
      "_timeout": 2000
    }
  ],
  "meta": {
    "mocha": {
      "version": "7.0.1"
    },
    "mochawesome": {
      "options": {
        "quiet": false,
        "reportFilename": "mochawesome",
        "saveHtml": false,
        "saveJson": true,
        "consoleReporter": "spec",
        "useInlineDiffs": false
      },
      "version": "4.1.0"
    },
    "marge": {
      "options": {
        "id": "default",
        "reportDir": "cypress/reports/mocha",
        "quite": true,
        "overwrite": false,
        "html": false,
        "json": true
      },
      "version": "4.1.0"
    }
  }
}