{
  "stats": {
    "suites": 1,
    "tests": 1,
    "passes": 1,
    "pending": 0,
    "failures": 0,
    "start": "2021-09-14T12:28:20.664Z",
    "end": "2021-09-14T12:28:28.974Z",
    "duration": 8310,
    "testsRegistered": 1,
    "passPercent": 100,
    "pendingPercent": 0,
    "other": 0,
    "hasOther": false,
    "skipped": 0,
    "hasSkipped": false
  },
  "results": [
    {
      "uuid": "8e4ad68f-626b-4b89-b95a-e0bdaacba9b9",
      "title": "",
      "fullFile": "cypress/integration/ThirdTest.js",
      "file": "cypress/integration/ThirdTest.js",
      "beforeHooks": [],
      "afterHooks": [],
      "tests": [],
      "suites": [
        {
          "uuid": "8dce5a2a-3352-4f88-b384-6da73f916dd9",
          "title": "My first test suite",
          "fullFile": "",
          "file": "",
          "beforeHooks": [],
          "afterHooks": [],
          "tests": [
            {
              "title": "My first test case",
              "fullTitle": "My first test suite My first test case",
              "timedOut": null,
              "duration": 6591,
              "state": "passed",
              "speed": "slow",
              "pass": true,
              "fail": false,
              "pending": false,
              "context": null,
              "code": "cy.visit(\"https://rahulshettyacademy.com/AutomationPractice/\"); //Checkboxes\ncy.get('#checkBoxOption1').check().should('be.checked');\ncy.get('#checkBoxOption1').uncheck().should('not.be.checked');\ncy.get('input[type=\"checkbox\"]').check(['option2', 'option3']); //Static dropdown\ncy.get('#dropdown-class-example').select('option3').should('have.value', 'option3'); //Dynamic dropdown\ncy.get('input#autocomplete').type('ind');\ncy.get('.ui-menu-item > div').each(($el, index, $list) => {\n  if ($el.text() === 'India') {\n    $el.trigger('click');\n  }\n});\ncy.get('input#autocomplete').should('have.value', 'India');\ncy.get('#displayed-text').should('be.visible');\ncy.get('#hide-textbox').click();\ncy.get('#displayed-text').should('not.be.visible');\ncy.get('#show-textbox').click();\ncy.get('#displayed-text').should('be.visible');",
              "err": {},
              "uuid": "014e4e3c-e893-421d-84d1-f34aa3cc086a",
              "parentUUID": "8dce5a2a-3352-4f88-b384-6da73f916dd9",
              "isHook": false,
              "skipped": false
            }
          ],
          "suites": [],
          "passes": [
            "014e4e3c-e893-421d-84d1-f34aa3cc086a"
          ],
          "failures": [],
          "pending": [],
          "skipped": [],
          "duration": 6591,
          "root": false,
          "rootEmpty": false,
          "_timeout": 2000
        }
      ],
      "passes": [],
      "failures": [],
      "pending": [],
      "skipped": [],
      "duration": 0,
      "root": true,
      "rootEmpty": true,
      "_timeout": 2000
    }
  ],
  "meta": {
    "mocha": {
      "version": "7.0.1"
    },
    "mochawesome": {
      "options": {
        "quiet": false,
        "reportFilename": "mochawesome",
        "saveHtml": true,
        "saveJson": true,
        "consoleReporter": "spec",
        "useInlineDiffs": false
      },
      "version": "4.1.0"
    },
    "marge": {
      "options": null,
      "version": "4.1.0"
    }
  }
}